<?xml version="1.0" encoding="UTF-8"?>
<!-- Generated by org.testng.reporters.JUnitXMLReporter -->
<testsuite ignored="0" hostname="Krishna" failures="2" tests="2" name="Linux-Firefox" time="65.02" errors="0" timestamp="2024-06-22T22:58:20 IST">
  <testcase classname="testCases.TC_001_AccountRegistrationTest" name="test_account_Registration" time="24.859">
    <failure type="java.lang.AssertionError" message="null">
      <![CDATA[java.lang.AssertionError: null
at testCases.TC_001_AccountRegistrationTest.test_account_Registration(TC_001_AccountRegistrationTest.java:52)
at java.base/java.util.ArrayList.forEach(ArrayList.java:1511)
... Removed 29 stack frames]]>
    </failure>
  </testcase> <!-- test_account_Registration -->
  <testcase classname="testCases.TC_002_LoginTest" name="test_Login" time="24.336">
    <failure type="java.lang.AssertionError" message="null">
      <![CDATA[java.lang.AssertionError: null
at testCases.TC_002_LoginTest.test_Login(TC_002_LoginTest.java:36)
at java.base/java.util.ArrayList.forEach(ArrayList.java:1511)
... Removed 29 stack frames]]>
    </failure>
  </testcase> <!-- test_Login -->
</testsuite> <!-- Linux-Firefox -->
