<?xml version="1.0" encoding="UTF-8"?>
<!-- Generated by org.testng.reporters.JUnitXMLReporter -->
<testsuite ignored="0" hostname="Krishna" failures="0" tests="7" name="Test" time="39.21" errors="0" timestamp="2024-06-17T15:48:16 IST">
  <testcase classname="testCases.TC_003_LoginDDT" name="test_loginDDT" time="2.167"/>
  <testcase classname="testCases.TC_003_LoginDDT" name="test_loginDDT" time="1.355"/>
  <testcase classname="testCases.TC_003_LoginDDT" name="test_loginDDT" time="5.562"/>
  <testcase classname="testCases.TC_003_LoginDDT" name="test_loginDDT" time="5.783"/>
  <testcase classname="testCases.TC_003_LoginDDT" name="test_loginDDT" time="5.703"/>
  <testcase classname="testCases.TC_003_LoginDDT" name="test_loginDDT" time="5.687"/>
  <testcase classname="testCases.TC_003_LoginDDT" name="test_loginDDT" time="5.8"/>
</testsuite> <!-- Test -->
